<?xml version="1.0" encoding="UTF-8"?>
<testsuites name="jest tests" tests="26" failures="1" errors="0" time="3.591">
  <testsuite name="Register component" errors="0" failures="0" skipped="0" timestamp="2023-06-11T10:46:57" time="1.1" tests="1">
    <testcase classname="Register component calls createUser function on button click" name="Register component calls createUser function on button click" time="0.055">
    </testcase>
  </testsuite>
  <testsuite name="DeletePost component" errors="0" failures="0" skipped="0" timestamp="2023-06-11T10:46:57" time="1.455" tests="3">
    <testcase classname="DeletePost component renders the input field" name="DeletePost component renders the input field" time="0.039">
    </testcase>
    <testcase classname="DeletePost component calls deleteProduct function with the correct argument on button click" name="DeletePost component calls deleteProduct function with the correct argument on button click" time="0.066">
    </testcase>
    <testcase classname="DeletePost component navigates to &apos;/products&apos; after deleting a post" name="DeletePost component navigates to &apos;/products&apos; after deleting a post" time="0.021">
    </testcase>
  </testsuite>
  <testsuite name="Manager component" errors="0" failures="0" skipped="0" timestamp="2023-06-11T10:46:57" time="1.492" tests="5">
    <testcase classname="Manager component renders the welcome message" name="Manager component renders the welcome message" time="0.06">
    </testcase>
    <testcase classname="Manager component renders the action question" name="Manager component renders the action question" time="0.013">
    </testcase>
    <testcase classname="Manager component renders the link to &apos;/products&apos;" name="Manager component renders the link to &apos;/products&apos;" time="0.071">
    </testcase>
    <testcase classname="Manager component renders the link to &apos;/newprod&apos;" name="Manager component renders the link to &apos;/newprod&apos;" time="0.032">
    </testcase>
    <testcase classname="Manager component renders the link to &apos;/delete&apos;" name="Manager component renders the link to &apos;/delete&apos;" time="0.031">
    </testcase>
  </testsuite>
  <testsuite name="undefined" errors="0" failures="0" skipped="0" timestamp="2023-06-11T10:46:58" time="0.735" tests="2">
    <testcase classname=" renders the NewLoan component" name=" renders the NewLoan component" time="0.076">
    </testcase>
    <testcase classname=" checks the checkbox and enables the button when clicked" name=" checks the checkbox and enables the button when clicked" time="0.022">
    </testcase>
  </testsuite>
  <testsuite name="Manager component" errors="0" failures="0" skipped="0" timestamp="2023-06-11T10:46:58" time="0.398" tests="1">
    <testcase classname="Manager component should add a product and navigate to /products" name="Manager component should add a product and navigate to /products" time="0.026">
    </testcase>
  </testsuite>
  <testsuite name="Podcast Form" errors="0" failures="1" skipped="0" timestamp="2023-06-11T10:46:57" time="1.905" tests="1">
    <testcase classname="Podcast Form submits form when all fields are filled and checkbox is checked" name="Podcast Form submits form when all fields are filled and checkbox is checked" time="0.504">
      <failure>Error: Incomplete or corrupt PNG file
    at new a (/Users/ora/Desktop/BS-PMC-2023-Team25/Frontend/node_modules/jspdf/src/libs/png.js:209:15)
    at Object.&lt;anonymous&gt;.t.processPNG (/Users/ora/Desktop/BS-PMC-2023-Team25/Frontend/node_modules/jspdf/src/modules/png_support.js:311:15)
    at Object.call (/Users/ora/Desktop/BS-PMC-2023-Team25/Frontend/node_modules/jspdf/src/modules/addimage.js:919:40)
    at Object.addImage (/Users/ora/Desktop/BS-PMC-2023-Team25/Frontend/node_modules/jspdf/src/modules/addimage.js:855:34)
    at createPdf (/Users/ora/Desktop/BS-PMC-2023-Team25/Frontend/src/component/Podcast.jsx:63:9)
    at handleSubmit (/Users/ora/Desktop/BS-PMC-2023-Team25/Frontend/src/component/Podcast.jsx:50:5)
    at apply (/Users/ora/Desktop/BS-PMC-2023-Team25/Frontend/src/component/Podcast.jsx:251:17)
    at HTMLUnknownElement.callCallback (/Users/ora/Desktop/BS-PMC-2023-Team25/Frontend/node_modules/react-dom/cjs/react-dom.development.js:4164:14)
    at HTMLUnknownElement.callTheUserObjectsOperation (/Users/ora/Desktop/BS-PMC-2023-Team25/Frontend/node_modules/jsdom/lib/jsdom/living/generated/EventListener.js:26:30)
    at innerInvokeEventListeners (/Users/ora/Desktop/BS-PMC-2023-Team25/Frontend/node_modules/jsdom/lib/jsdom/living/events/EventTarget-impl.js:338:25)
    at invokeEventListeners (/Users/ora/Desktop/BS-PMC-2023-Team25/Frontend/node_modules/jsdom/lib/jsdom/living/events/EventTarget-impl.js:274:3)
    at HTMLUnknownElementImpl._dispatch (/Users/ora/Desktop/BS-PMC-2023-Team25/Frontend/node_modules/jsdom/lib/jsdom/living/events/EventTarget-impl.js:221:9)
    at HTMLUnknownElementImpl.dispatchEvent (/Users/ora/Desktop/BS-PMC-2023-Team25/Frontend/node_modules/jsdom/lib/jsdom/living/events/EventTarget-impl.js:94:17)
    at HTMLUnknownElement.dispatchEvent (/Users/ora/Desktop/BS-PMC-2023-Team25/Frontend/node_modules/jsdom/lib/jsdom/living/generated/EventTarget.js:231:34)
    at Object.apply (/Users/ora/Desktop/BS-PMC-2023-Team25/Frontend/node_modules/react-dom/cjs/react-dom.development.js:4213:16)
    at apply (/Users/ora/Desktop/BS-PMC-2023-Team25/Frontend/node_modules/react-dom/cjs/react-dom.development.js:4277:31)
    at invokeGuardedCallbackAndCatchFirstError (/Users/ora/Desktop/BS-PMC-2023-Team25/Frontend/node_modules/react-dom/cjs/react-dom.development.js:4291:25)
    at executeDispatch (/Users/ora/Desktop/BS-PMC-2023-Team25/Frontend/node_modules/react-dom/cjs/react-dom.development.js:9041:3)
    at processDispatchQueueItemsInOrder (/Users/ora/Desktop/BS-PMC-2023-Team25/Frontend/node_modules/react-dom/cjs/react-dom.development.js:9073:7)
    at processDispatchQueue (/Users/ora/Desktop/BS-PMC-2023-Team25/Frontend/node_modules/react-dom/cjs/react-dom.development.js:9086:5)
    at dispatchEventsForPlugins (/Users/ora/Desktop/BS-PMC-2023-Team25/Frontend/node_modules/react-dom/cjs/react-dom.development.js:9097:3)
    at fn (/Users/ora/Desktop/BS-PMC-2023-Team25/Frontend/node_modules/react-dom/cjs/react-dom.development.js:9288:12)
    at batchedUpdatesImpl (/Users/ora/Desktop/BS-PMC-2023-Team25/Frontend/node_modules/react-dom/cjs/react-dom.development.js:26140:12)
    at batchedUpdates (/Users/ora/Desktop/BS-PMC-2023-Team25/Frontend/node_modules/react-dom/cjs/react-dom.development.js:3991:12)
    at dispatchEventForPluginEventSystem (/Users/ora/Desktop/BS-PMC-2023-Team25/Frontend/node_modules/react-dom/cjs/react-dom.development.js:9287:3)
    at dispatchEventWithEnableCapturePhaseSelectiveHydrationWithoutDiscreteEventReplay (/Users/ora/Desktop/BS-PMC-2023-Team25/Frontend/node_modules/react-dom/cjs/react-dom.development.js:6465:5)
    at dispatchEvent (/Users/ora/Desktop/BS-PMC-2023-Team25/Frontend/node_modules/react-dom/cjs/react-dom.development.js:6457:5)
    at dispatchDiscreteEvent (/Users/ora/Desktop/BS-PMC-2023-Team25/Frontend/node_modules/react-dom/cjs/react-dom.development.js:6430:5)
    at HTMLDivElement.callTheUserObjectsOperation (/Users/ora/Desktop/BS-PMC-2023-Team25/Frontend/node_modules/jsdom/lib/jsdom/living/generated/EventListener.js:26:30)
    at innerInvokeEventListeners (/Users/ora/Desktop/BS-PMC-2023-Team25/Frontend/node_modules/jsdom/lib/jsdom/living/events/EventTarget-impl.js:338:25)
    at invokeEventListeners (/Users/ora/Desktop/BS-PMC-2023-Team25/Frontend/node_modules/jsdom/lib/jsdom/living/events/EventTarget-impl.js:274:3)
    at HTMLButtonElementImpl._dispatch (/Users/ora/Desktop/BS-PMC-2023-Team25/Frontend/node_modules/jsdom/lib/jsdom/living/events/EventTarget-impl.js:221:9)
    at HTMLButtonElementImpl.dispatchEvent (/Users/ora/Desktop/BS-PMC-2023-Team25/Frontend/node_modules/jsdom/lib/jsdom/living/events/EventTarget-impl.js:94:17)
    at HTMLButtonElement.dispatchEvent (/Users/ora/Desktop/BS-PMC-2023-Team25/Frontend/node_modules/jsdom/lib/jsdom/living/generated/EventTarget.js:231:34)
    at cb (/Users/ora/Desktop/BS-PMC-2023-Team25/Frontend/node_modules/@testing-library/react/node_modules/@testing-library/dom/dist/events.js:19:20)
    at callback (/Users/ora/Desktop/BS-PMC-2023-Team25/Frontend/node_modules/@testing-library/react/dist/pure.js:79:16)
    at callback (/Users/ora/Desktop/BS-PMC-2023-Team25/Frontend/node_modules/@testing-library/react/dist/act-compat.js:64:24)
    at actImplementation (/Users/ora/Desktop/BS-PMC-2023-Team25/Frontend/node_modules/react/cjs/react.development.js:2512:16)
    at /Users/ora/Desktop/BS-PMC-2023-Team25/Frontend/node_modules/@testing-library/react/dist/act-compat.js:63:25
    at Object.eventWrapper (/Users/ora/Desktop/BS-PMC-2023-Team25/Frontend/node_modules/@testing-library/react/dist/pure.js:78:27)
    at fireEvent (/Users/ora/Desktop/BS-PMC-2023-Team25/Frontend/node_modules/@testing-library/react/node_modules/@testing-library/dom/dist/events.js:12:35)
    at Function.fireEvent.&lt;computed&gt; [as click] (/Users/ora/Desktop/BS-PMC-2023-Team25/Frontend/node_modules/@testing-library/react/node_modules/@testing-library/dom/dist/events.js:110:36)
    at Function.click (/Users/ora/Desktop/BS-PMC-2023-Team25/Frontend/node_modules/@testing-library/react/dist/fire-event.js:18:52)
    at Object.&lt;anonymous&gt; (/Users/ora/Desktop/BS-PMC-2023-Team25/Frontend/src/component/__tests__/Podcast.test.jsx:32:15)
    at Promise.then.completed (/Users/ora/Desktop/BS-PMC-2023-Team25/Frontend/node_modules/react-scripts/node_modules/jest-circus/build/utils.js:391:28)
    at new Promise (&lt;anonymous&gt;)
    at callAsyncCircusFn (/Users/ora/Desktop/BS-PMC-2023-Team25/Frontend/node_modules/react-scripts/node_modules/jest-circus/build/utils.js:316:10)
    at _callCircusTest (/Users/ora/Desktop/BS-PMC-2023-Team25/Frontend/node_modules/react-scripts/node_modules/jest-circus/build/run.js:218:40)
    at processTicksAndRejections (node:internal/process/task_queues:96:5)
    at _runTest (/Users/ora/Desktop/BS-PMC-2023-Team25/Frontend/node_modules/react-scripts/node_modules/jest-circus/build/run.js:155:3)
    at _runTestsForDescribeBlock (/Users/ora/Desktop/BS-PMC-2023-Team25/Frontend/node_modules/react-scripts/node_modules/jest-circus/build/run.js:66:9)
    at _runTestsForDescribeBlock (/Users/ora/Desktop/BS-PMC-2023-Team25/Frontend/node_modules/react-scripts/node_modules/jest-circus/build/run.js:60:9)
    at run (/Users/ora/Desktop/BS-PMC-2023-Team25/Frontend/node_modules/react-scripts/node_modules/jest-circus/build/run.js:25:3)
    at runAndTransformResultsToJestFormat (/Users/ora/Desktop/BS-PMC-2023-Team25/Frontend/node_modules/react-scripts/node_modules/jest-circus/build/legacy-code-todo-rewrite/jestAdapterInit.js:170:21)
    at jestAdapter (/Users/ora/Desktop/BS-PMC-2023-Team25/Frontend/node_modules/react-scripts/node_modules/jest-circus/build/legacy-code-todo-rewrite/jestAdapter.js:68:19)
    at runTestInternal (/Users/ora/Desktop/BS-PMC-2023-Team25/Frontend/node_modules/react-scripts/node_modules/jest-runner/build/runTest.js:389:16)
    at runTest (/Users/ora/Desktop/BS-PMC-2023-Team25/Frontend/node_modules/react-scripts/node_modules/jest-runner/build/runTest.js:475:34)
    at Object.worker (/Users/ora/Desktop/BS-PMC-2023-Team25/Frontend/node_modules/react-scripts/node_modules/jest-runner/build/testWorker.js:133:12)</failure>
    </testcase>
  </testsuite>
  <testsuite name="Menu component" errors="0" failures="0" skipped="0" timestamp="2023-06-11T10:46:58" time="0.521" tests="2">
    <testcase classname="Menu component renders Menu correctly" name="Menu component renders Menu correctly" time="0.028">
    </testcase>
    <testcase classname="Menu component calls the logoutUser function on click" name="Menu component calls the logoutUser function on click" time="0.008">
    </testcase>
  </testsuite>
  <testsuite name="Teacher component" errors="0" failures="0" skipped="0" timestamp="2023-06-11T10:46:59" time="0.41" tests="2">
    <testcase classname="Teacher component renders the welcome message" name="Teacher component renders the welcome message" time="0.033">
    </testcase>
    <testcase classname="Teacher component renders the action prompt" name="Teacher component renders the action prompt" time="0.01">
    </testcase>
  </testsuite>
  <testsuite name="Detail" errors="0" failures="0" skipped="0" timestamp="2023-06-11T10:46:59" time="0.267" tests="1">
    <testcase classname="Detail renders the component with correct props" name="Detail renders the component with correct props" time="0.043">
    </testcase>
  </testsuite>
  <testsuite name="undefined" errors="0" failures="0" skipped="0" timestamp="2023-06-11T10:46:59" time="0.378" tests="1">
    <testcase classname=" toggles the detail section when clicked" name=" toggles the detail section when clicked" time="0.064">
    </testcase>
  </testsuite>
  <testsuite name="Student component" errors="0" failures="0" skipped="0" timestamp="2023-06-11T10:46:59" time="0.502" tests="2">
    <testcase classname="Student component renders the welcome message" name="Student component renders the welcome message" time="0.043">
    </testcase>
    <testcase classname="Student component renders the action prompt" name="Student component renders the action prompt" time="0.015">
    </testcase>
  </testsuite>
  <testsuite name="undefined" errors="0" failures="0" skipped="0" timestamp="2023-06-11T10:46:59" time="0.15" tests="1">
    <testcase classname=" placeholder test" name=" placeholder test" time="0.001">
    </testcase>
  </testsuite>
  <testsuite name="HomePage" errors="0" failures="0" skipped="0" timestamp="2023-06-11T10:46:59" time="0.3" tests="1">
    <testcase classname="HomePage renders the component with correct content" name="HomePage renders the component with correct content" time="0.055">
    </testcase>
  </testsuite>
  <testsuite name="SignIn component" errors="0" failures="0" skipped="0" timestamp="2023-06-11T10:46:59" time="0.319" tests="3">
    <testcase classname="SignIn component should render SignIn component" name="SignIn component should render SignIn component" time="0.025">
    </testcase>
    <testcase classname="SignIn component should update email and password state on input change" name="SignIn component should update email and password state on input change" time="0.01">
    </testcase>
    <testcase classname="SignIn component should call loginUser function and navigate on button click" name="SignIn component should call loginUser function and navigate on button click" time="0.012">
    </testcase>
  </testsuite>
</testsuites>