<?xml version="1.0" encoding="UTF-8"?>
<testsuites name="jest tests" tests="25" failures="0" errors="0" time="4.136">
  <testsuite name="Podcast component" errors="0" failures="0" skipped="0" timestamp="2023-05-28T09:38:23" time="1.717" tests="1">
    <testcase classname="Podcast component should submit the form when the checkbox is checked and button is clicked" name="Podcast component should submit the form when the checkbox is checked and button is clicked" time="0.09">
    </testcase>
  </testsuite>
  <testsuite name="HomePage" errors="0" failures="0" skipped="0" timestamp="2023-05-28T09:38:23" time="1.785" tests="1">
    <testcase classname="HomePage renders the component with correct content" name="HomePage renders the component with correct content" time="0.15">
    </testcase>
  </testsuite>
  <testsuite name="Manager component" errors="0" failures="0" skipped="0" timestamp="2023-05-28T09:38:23" time="1.845" tests="5">
    <testcase classname="Manager component renders the welcome message" name="Manager component renders the welcome message" time="0.054">
    </testcase>
    <testcase classname="Manager component renders the action question" name="Manager component renders the action question" time="0.01">
    </testcase>
    <testcase classname="Manager component renders the link to &apos;/products&apos;" name="Manager component renders the link to &apos;/products&apos;" time="0.091">
    </testcase>
    <testcase classname="Manager component renders the link to &apos;/newprod&apos;" name="Manager component renders the link to &apos;/newprod&apos;" time="0.028">
    </testcase>
    <testcase classname="Manager component renders the link to &apos;/delete&apos;" name="Manager component renders the link to &apos;/delete&apos;" time="0.025">
    </testcase>
  </testsuite>
  <testsuite name="DeletePost component" errors="0" failures="0" skipped="0" timestamp="2023-05-28T09:38:23" time="1.859" tests="2">
    <testcase classname="DeletePost component should update &apos;myId&apos; state when input value changes" name="DeletePost component should update &apos;myId&apos; state when input value changes" time="0.048">
    </testcase>
    <testcase classname="DeletePost component should render &apos;מחק מוצר&apos; button" name="DeletePost component should render &apos;מחק מוצר&apos; button" time="0.012">
    </testcase>
  </testsuite>
  <testsuite name="undefined" errors="0" failures="0" skipped="0" timestamp="2023-05-28T09:38:23" time="1.935" tests="2">
    <testcase classname=" renders the NewLoan component" name=" renders the NewLoan component" time="0.05">
    </testcase>
    <testcase classname=" checks the checkbox and enables the button when clicked" name=" checks the checkbox and enables the button when clicked" time="0.252">
    </testcase>
  </testsuite>
  <testsuite name="SignIn" errors="0" failures="0" skipped="0" timestamp="2023-05-28T09:38:23" time="2.21" tests="3">
    <testcase classname="SignIn should render SignIn component" name="SignIn should render SignIn component" time="0.534">
    </testcase>
    <testcase classname="SignIn should update name and password state on input change" name="SignIn should update name and password state on input change" time="0.02">
    </testcase>
    <testcase classname="SignIn should call setShowMenu and navigate to /products on button click" name="SignIn should call setShowMenu and navigate to /products on button click" time="0.02">
    </testcase>
  </testsuite>
  <testsuite name="undefined" errors="0" failures="0" skipped="0" timestamp="2023-05-28T09:38:23" time="2.229" tests="2">
    <testcase classname=" renders the SignIn component" name=" renders the SignIn component" time="0.559">
    </testcase>
    <testcase classname=" updates input values on change" name=" updates input values on change" time="0.021">
    </testcase>
  </testsuite>
  <testsuite name="Menu" errors="0" failures="0" skipped="0" timestamp="2023-05-28T09:38:23" time="2.328" tests="1">
    <testcase classname="Menu renders menu links" name="Menu renders menu links" time="0.081">
    </testcase>
  </testsuite>
  <testsuite name="Detail" errors="0" failures="0" skipped="0" timestamp="2023-05-28T09:38:25" time="0.549" tests="1">
    <testcase classname="Detail renders the component with correct props" name="Detail renders the component with correct props" time="0.065">
    </testcase>
  </testsuite>
  <testsuite name="Manager component" errors="0" failures="0" skipped="0" timestamp="2023-05-28T09:38:25" time="0.507" tests="2">
    <testcase classname="Manager component renders the welcome message" name="Manager component renders the welcome message" time="0.028">
    </testcase>
    <testcase classname="Manager component renders the action prompt" name="Manager component renders the action prompt" time="0.008">
    </testcase>
  </testsuite>
  <testsuite name="Manager component" errors="0" failures="0" skipped="0" timestamp="2023-05-28T09:38:25" time="0.51" tests="2">
    <testcase classname="Manager component renders the welcome message" name="Manager component renders the welcome message" time="0.036">
    </testcase>
    <testcase classname="Manager component renders the action prompt" name="Manager component renders the action prompt" time="0.009">
    </testcase>
  </testsuite>
  <testsuite name="Manager component" errors="0" failures="0" skipped="0" timestamp="2023-05-28T09:38:25" time="0.481" tests="1">
    <testcase classname="Manager component should add a product and navigate to /products" name="Manager component should add a product and navigate to /products" time="0.02">
    </testcase>
  </testsuite>
  <testsuite name="undefined" errors="0" failures="0" skipped="0" timestamp="2023-05-28T09:38:25" time="0.723" tests="1">
    <testcase classname=" toggles the detail section when clicked" name=" toggles the detail section when clicked" time="0.066">
    </testcase>
  </testsuite>
  <testsuite name="undefined" errors="0" failures="0" skipped="0" timestamp="2023-05-28T09:38:26" time="0.273" tests="1">
    <testcase classname=" placeholder test" name=" placeholder test" time="0.002">
    </testcase>
  </testsuite>
</testsuites>